<?xml version="1.0" encoding="UTF-8"?>
<robot generator="Robot 7.2.2 (Python 3.10.12 on darwin)" generated="2025-04-21T21:12:44.236415" rpa="false" schemaversion="5">
<suite id="s1" name="Trainify-V.2" source="/Users/tk/Desktop/Trainify-V.2">
<suite id="s1-s1" name="Robot" source="/Users/tk/Desktop/Trainify-V.2/robot">
<suite id="s1-s1-s1" name="Script" source="/Users/tk/Desktop/Trainify-V.2/robot/script">
<suite id="s1-s1-s1-s1" name="Trainify Test" source="/Users/tk/Desktop/Trainify-V.2/robot/script/trainify_test.robot">
<kw name="Open Browser And Maximize" owner="keywords" type="SETUP">
<kw name="Open Browser" owner="SeleniumLibrary">
<msg time="2025-04-21T21:12:44.368482" level="INFO">Opening browser 'Chrome' to base url 'http://localhost:5173'.</msg>
<arg>${BASE_URL}</arg>
<arg>${BROWSER}</arg>
<doc>Opens a new browser instance to the optional ``url``.</doc>
<status status="PASS" start="2025-04-21T21:12:44.368119" elapsed="2.261931"/>
</kw>
<kw name="Maximize Browser Window" owner="SeleniumLibrary">
<doc>Maximizes current browser window.</doc>
<status status="PASS" start="2025-04-21T21:12:46.630893" elapsed="0.368870"/>
</kw>
<kw name="Set Selenium Implicit Wait" owner="SeleniumLibrary">
<arg>${WAIT_TIMEOUT}</arg>
<doc>Sets the implicit wait value used by Selenium.</doc>
<status status="PASS" start="2025-04-21T21:12:46.999990" elapsed="0.001112"/>
</kw>
<status status="PASS" start="2025-04-21T21:12:44.367324" elapsed="2.633969"/>
</kw>
<test id="s1-s1-s1-s1-t1" name="TC-09 Verify OTP" line="101">
<kw name="Initialize Test Case" owner="keywords">
<kw name="Set Variable" owner="BuiltIn">
<msg time="2025-04-21T21:12:47.004466" level="INFO">${folder_path} = robot/result/TC-09</msg>
<var>${folder_path}</var>
<arg>${OUTPUTDIR}/${test_id}</arg>
<doc>Returns the given values which can then be assigned to a variables.</doc>
<status status="PASS" start="2025-04-21T21:12:47.004200" elapsed="0.000493"/>
</kw>
<kw name="Create Directory" owner="OperatingSystem">
<msg time="2025-04-21T21:12:47.005362" level="INFO" html="true">Created directory '&lt;a href="file:///Users/tk/Desktop/Trainify-V.2/robot/result/TC-09"&gt;/Users/tk/Desktop/Trainify-V.2/robot/result/TC-09&lt;/a&gt;'.</msg>
<arg>${folder_path}</arg>
<doc>Creates the specified directory.</doc>
<status status="PASS" start="2025-04-21T21:12:47.004809" elapsed="0.000643"/>
</kw>
<kw name="Set Test Variable" owner="BuiltIn">
<msg time="2025-04-21T21:12:47.005789" level="INFO">${TEST_ID} = TC-09</msg>
<arg>${TEST_ID}</arg>
<arg>${test_id}</arg>
<doc>Makes a variable available everywhere within the scope of the current test.</doc>
<status status="PASS" start="2025-04-21T21:12:47.005574" elapsed="0.000282"/>
</kw>
<kw name="Log" owner="BuiltIn">
<msg time="2025-04-21T21:12:47.006217" level="INFO">เริ่มทำการทดสอบ: TC-09 Verify OTP (TC-09)</msg>
<arg>เริ่มทำการทดสอบ: ${TEST NAME} (${test_id})</arg>
<arg>console=True</arg>
<doc>Logs the given message with the given level.</doc>
<status status="PASS" start="2025-04-21T21:12:47.005968" elapsed="0.000419"/>
</kw>
<kw name="Wait To Screenshot" owner="keywords">
<kw name="Sleep" owner="BuiltIn">
<msg time="2025-04-21T21:12:47.007029" level="INFO">Slept 0 seconds.</msg>
<arg>${wait_time}s</arg>
<doc>Pauses the test executed for the given time.</doc>
<status status="PASS" start="2025-04-21T21:12:47.006839" elapsed="0.000393"/>
</kw>
<kw name="Set Variable" owner="BuiltIn">
<msg time="2025-04-21T21:12:47.007696" level="INFO">${folder_path} = ../robot/result/screenshot/TC-09 Verify OTP</msg>
<var>${folder_path}</var>
<arg>../robot/result/screenshot/${TEST NAME}</arg>
<doc>Returns the given values which can then be assigned to a variables.</doc>
<status status="PASS" start="2025-04-21T21:12:47.007436" elapsed="0.000362"/>
</kw>
<kw name="Create Directory" owner="OperatingSystem">
<msg time="2025-04-21T21:12:47.008725" level="INFO" html="true">Created directory '&lt;a href="file:///Users/tk/Desktop/robot/result/screenshot/TC-09 Verify OTP"&gt;/Users/tk/Desktop/robot/result/screenshot/TC-09 Verify OTP&lt;/a&gt;'.</msg>
<arg>${folder_path}</arg>
<doc>Creates the specified directory.</doc>
<status status="PASS" start="2025-04-21T21:12:47.007956" elapsed="0.000948"/>
</kw>
<kw name="Capture Page Screenshot" owner="SeleniumLibrary">
<msg time="2025-04-21T21:12:47.124068" level="INFO" html="true">&lt;/td&gt;&lt;/tr&gt;&lt;tr&gt;&lt;td colspan="3"&gt;&lt;a href="../robot/result/screenshot/TC-09%20Verify%20OTP/start_test.png"&gt;&lt;img src="../robot/result/screenshot/TC-09%20Verify%20OTP/start_test.png" width="800px"&gt;&lt;/a&gt;</msg>
<arg>${folder_path}/${step_name}.png</arg>
<doc>Takes a screenshot of the current page and embeds it into a log file.</doc>
<status status="PASS" start="2025-04-21T21:12:47.009055" elapsed="0.115292"/>
</kw>
<kw name="Log" owner="BuiltIn">
<msg time="2025-04-21T21:12:47.124901" level="INFO">จับภาพหน้าจอ start_test สำหรับ TC-09 Verify OTP เรียบร้อย</msg>
<arg>จับภาพหน้าจอ ${step_name} สำหรับ ${TEST NAME} เรียบร้อย</arg>
<arg>console=True</arg>
<doc>Logs the given message with the given level.</doc>
<status status="PASS" start="2025-04-21T21:12:47.124572" elapsed="0.000552"/>
</kw>
<arg>start_test</arg>
<arg>0</arg>
<status status="PASS" start="2025-04-21T21:12:47.006519" elapsed="0.118738"/>
</kw>
<arg>TC-09</arg>
<status status="PASS" start="2025-04-21T21:12:47.002991" elapsed="0.122356"/>
</kw>
<kw name="Wait Until Page Contains Element" owner="SeleniumLibrary">
<arg>xpath=//*[@id="root"]/div/div/div[1]/h1[contains(text(), 'เลือกบทบาทของคุณ')]</arg>
<arg>${1}</arg>
<doc>Waits until the element ``locator`` appears on the current page.</doc>
<status status="PASS" start="2025-04-21T21:12:47.125645" elapsed="0.010120"/>
</kw>
<kw name="Page Should Contain Element" owner="SeleniumLibrary">
<msg time="2025-04-21T21:12:47.142329" level="INFO">Current page contains element 'xpath=//*[@id="root"]/div/div/div[2]/div[3]/span[contains(text(), 'ผู้ดูแลระบบ')]'.</msg>
<arg>xpath=//*[@id="root"]/div/div/div[2]/div[3]/span[contains(text(), 'ผู้ดูแลระบบ')]</arg>
<doc>Verifies that element ``locator`` is found on the current page.</doc>
<status status="PASS" start="2025-04-21T21:12:47.136143" elapsed="0.006506"/>
</kw>
<kw name="Click Element" owner="SeleniumLibrary">
<msg time="2025-04-21T21:12:47.143390" level="INFO">Clicking element 'xpath=//*[@id="root"]/div/div/div[2]/div[3]/span[contains(text(), 'ผู้ดูแลระบบ')]'.</msg>
<arg>xpath=//*[@id="root"]/div/div/div[2]/div[3]/span[contains(text(), 'ผู้ดูแลระบบ')]</arg>
<doc>Click the element identified by ``locator``.</doc>
<status status="PASS" start="2025-04-21T21:12:47.143006" elapsed="0.095079"/>
</kw>
<kw name="Input Text" owner="SeleniumLibrary">
<msg time="2025-04-21T21:12:47.238694" level="INFO">Typing text 'Copp.teenkung@gmail.com' into text field 'id=login_email'.</msg>
<arg>id=login_email</arg>
<arg>${SA_EMAIL}</arg>
<doc>Types the given ``text`` into the text field identified by ``locator``.</doc>
<status status="PASS" start="2025-04-21T21:12:47.238367" elapsed="0.185510"/>
</kw>
<kw name="Input Password" owner="SeleniumLibrary">
<msg time="2025-04-21T21:12:47.424526" level="INFO">Typing password into text field 'id=login_password'.</msg>
<msg time="2025-04-21T21:12:47.447196" level="INFO">Temporally setting log level to: NONE</msg>
<arg>id=login_password</arg>
<arg>${SA_PASS}</arg>
<doc>Types the given password into the text field identified by ``locator``.</doc>
<status status="PASS" start="2025-04-21T21:12:47.424193" elapsed="0.072485"/>
</kw>
<kw name="Click Button" owner="SeleniumLibrary">
<msg time="2025-04-21T21:12:47.497283" level="INFO">Clicking button 'xpath=//*[@id="login"]/div[3]/div/div/div/div/button[contains(text(), 'เข้าสู่ระบบ')]'.</msg>
<arg>xpath=//*[@id="login"]/div[3]/div/div/div/div/button[contains(text(), 'เข้าสู่ระบบ')]</arg>
<doc>Clicks the button identified by ``locator``.</doc>
<status status="PASS" start="2025-04-21T21:12:47.496985" elapsed="0.042482"/>
</kw>
<kw name="Capture Step" owner="keywords">
<kw name="Wait To Screenshot" owner="keywords">
<kw name="Sleep" owner="BuiltIn">
<msg time="2025-04-21T21:12:48.542115" level="INFO">Slept 1 second.</msg>
<arg>${wait_time}s</arg>
<doc>Pauses the test executed for the given time.</doc>
<status status="PASS" start="2025-04-21T21:12:47.540596" elapsed="1.002207"/>
</kw>
<kw name="Set Variable" owner="BuiltIn">
<msg time="2025-04-21T21:12:48.543695" level="INFO">${folder_path} = ../robot/result/screenshot/TC-09 Verify OTP</msg>
<var>${folder_path}</var>
<arg>../robot/result/screenshot/${TEST NAME}</arg>
<doc>Returns the given values which can then be assigned to a variables.</doc>
<status status="PASS" start="2025-04-21T21:12:48.543214" elapsed="0.000568"/>
</kw>
<kw name="Create Directory" owner="OperatingSystem">
<msg time="2025-04-21T21:12:48.544488" level="INFO" html="true">Directory '&lt;a href="file:///Users/tk/Desktop/robot/result/screenshot/TC-09 Verify OTP"&gt;/Users/tk/Desktop/robot/result/screenshot/TC-09 Verify OTP&lt;/a&gt;' already exists.</msg>
<arg>${folder_path}</arg>
<doc>Creates the specified directory.</doc>
<status status="PASS" start="2025-04-21T21:12:48.543925" elapsed="0.000810"/>
</kw>
<kw name="Capture Page Screenshot" owner="SeleniumLibrary">
<msg time="2025-04-21T21:12:48.601390" level="INFO" html="true">&lt;/td&gt;&lt;/tr&gt;&lt;tr&gt;&lt;td colspan="3"&gt;&lt;a href="../robot/result/screenshot/TC-09%20Verify%20OTP/After_Submit.png"&gt;&lt;img src="../robot/result/screenshot/TC-09%20Verify%20OTP/After_Submit.png" width="800px"&gt;&lt;/a&gt;</msg>
<arg>${folder_path}/${step_name}.png</arg>
<doc>Takes a screenshot of the current page and embeds it into a log file.</doc>
<status status="PASS" start="2025-04-21T21:12:48.544915" elapsed="0.056670"/>
</kw>
<kw name="Log" owner="BuiltIn">
<msg time="2025-04-21T21:12:48.602135" level="INFO">จับภาพหน้าจอ After_Submit สำหรับ TC-09 Verify OTP เรียบร้อย</msg>
<arg>จับภาพหน้าจอ ${step_name} สำหรับ ${TEST NAME} เรียบร้อย</arg>
<arg>console=True</arg>
<doc>Logs the given message with the given level.</doc>
<status status="PASS" start="2025-04-21T21:12:48.601784" elapsed="0.000526"/>
</kw>
<arg>${step_name}</arg>
<arg>${wait_time}</arg>
<status status="PASS" start="2025-04-21T21:12:47.540320" elapsed="1.062208"/>
</kw>
<arg>After_Submit</arg>
<status status="PASS" start="2025-04-21T21:12:47.539876" elapsed="1.062760"/>
</kw>
<kw name="Wait Until Page Contains" owner="SeleniumLibrary">
<arg>ยืนยันรหัส OTP</arg>
<arg>timeout=10s</arg>
<doc>Waits until ``text`` appears on the current page.</doc>
<status status="PASS" start="2025-04-21T21:12:48.602952" elapsed="0.007705"/>
</kw>
<kw name="Capture Step" owner="keywords">
<kw name="Wait To Screenshot" owner="keywords">
<kw name="Sleep" owner="BuiltIn">
<msg time="2025-04-21T21:12:49.612062" level="INFO">Slept 1 second.</msg>
<arg>${wait_time}s</arg>
<doc>Pauses the test executed for the given time.</doc>
<status status="PASS" start="2025-04-21T21:12:48.611436" elapsed="1.001242"/>
</kw>
<kw name="Set Variable" owner="BuiltIn">
<msg time="2025-04-21T21:12:49.613520" level="INFO">${folder_path} = ../robot/result/screenshot/TC-09 Verify OTP</msg>
<var>${folder_path}</var>
<arg>../robot/result/screenshot/${TEST NAME}</arg>
<doc>Returns the given values which can then be assigned to a variables.</doc>
<status status="PASS" start="2025-04-21T21:12:49.612948" elapsed="0.000901"/>
</kw>
<kw name="Create Directory" owner="OperatingSystem">
<msg time="2025-04-21T21:12:49.614523" level="INFO" html="true">Directory '&lt;a href="file:///Users/tk/Desktop/robot/result/screenshot/TC-09 Verify OTP"&gt;/Users/tk/Desktop/robot/result/screenshot/TC-09 Verify OTP&lt;/a&gt;' already exists.</msg>
<arg>${folder_path}</arg>
<doc>Creates the specified directory.</doc>
<status status="PASS" start="2025-04-21T21:12:49.614047" elapsed="0.000578"/>
</kw>
<kw name="Capture Page Screenshot" owner="SeleniumLibrary">
<msg time="2025-04-21T21:12:49.675853" level="INFO" html="true">&lt;/td&gt;&lt;/tr&gt;&lt;tr&gt;&lt;td colspan="3"&gt;&lt;a href="../robot/result/screenshot/TC-09%20Verify%20OTP/OTP%20Verify%20Page.png"&gt;&lt;img src="../robot/result/screenshot/TC-09%20Verify%20OTP/OTP%20Verify%20Page.png" width="800px"&gt;&lt;/a&gt;</msg>
<arg>${folder_path}/${step_name}.png</arg>
<doc>Takes a screenshot of the current page and embeds it into a log file.</doc>
<status status="PASS" start="2025-04-21T21:12:49.614772" elapsed="0.061263"/>
</kw>
<kw name="Log" owner="BuiltIn">
<msg time="2025-04-21T21:12:49.676532" level="INFO">จับภาพหน้าจอ OTP Verify Page สำหรับ TC-09 Verify OTP เรียบร้อย</msg>
<arg>จับภาพหน้าจอ ${step_name} สำหรับ ${TEST NAME} เรียบร้อย</arg>
<arg>console=True</arg>
<doc>Logs the given message with the given level.</doc>
<status status="PASS" start="2025-04-21T21:12:49.676246" elapsed="0.000514"/>
</kw>
<arg>${step_name}</arg>
<arg>${wait_time}</arg>
<status status="PASS" start="2025-04-21T21:12:48.611195" elapsed="1.065694"/>
</kw>
<arg>OTP Verify Page</arg>
<status status="PASS" start="2025-04-21T21:12:48.610904" elapsed="1.066073"/>
</kw>
<kw name="Wait Until Element Is Enabled" owner="SeleniumLibrary">
<arg>xpath=//*[@id="root"]/div/div/div[4]/button</arg>
<arg>30s</arg>
<doc>Waits until the element ``locator`` is enabled.</doc>
<status status="PASS" start="2025-04-21T21:12:49.677282" elapsed="6.720704"/>
</kw>
<kw name="Click Button" owner="SeleniumLibrary">
<msg time="2025-04-21T21:12:56.399866" level="INFO">Clicking button 'xpath=//*[@id="root"]/div/div/div[4]/button'.</msg>
<arg>xpath=//*[@id="root"]/div/div/div[4]/button</arg>
<doc>Clicks the button identified by ``locator``.</doc>
<status status="PASS" start="2025-04-21T21:12:56.399185" elapsed="0.043203"/>
</kw>
<kw name="Wait Until Page Contains" owner="SeleniumLibrary">
<arg>Trainify : Super Admin</arg>
<arg>timeout=10s</arg>
<doc>Waits until ``text`` appears on the current page.</doc>
<status status="PASS" start="2025-04-21T21:12:56.442707" elapsed="0.231193"/>
</kw>
<kw name="Capture Step" owner="keywords">
<kw name="Wait To Screenshot" owner="keywords">
<kw name="Sleep" owner="BuiltIn">
<msg time="2025-04-21T21:12:57.677634" level="INFO">Slept 1 second.</msg>
<arg>${wait_time}s</arg>
<doc>Pauses the test executed for the given time.</doc>
<status status="PASS" start="2025-04-21T21:12:56.675056" elapsed="1.003015"/>
</kw>
<kw name="Set Variable" owner="BuiltIn">
<msg time="2025-04-21T21:12:57.679115" level="INFO">${folder_path} = ../robot/result/screenshot/TC-09 Verify OTP</msg>
<var>${folder_path}</var>
<arg>../robot/result/screenshot/${TEST NAME}</arg>
<doc>Returns the given values which can then be assigned to a variables.</doc>
<status status="PASS" start="2025-04-21T21:12:57.678460" elapsed="0.000831"/>
</kw>
<kw name="Create Directory" owner="OperatingSystem">
<msg time="2025-04-21T21:12:57.680663" level="INFO" html="true">Directory '&lt;a href="file:///Users/tk/Desktop/robot/result/screenshot/TC-09 Verify OTP"&gt;/Users/tk/Desktop/robot/result/screenshot/TC-09 Verify OTP&lt;/a&gt;' already exists.</msg>
<arg>${folder_path}</arg>
<doc>Creates the specified directory.</doc>
<status status="PASS" start="2025-04-21T21:12:57.679657" elapsed="0.001256"/>
</kw>
<kw name="Capture Page Screenshot" owner="SeleniumLibrary">
<msg time="2025-04-21T21:12:57.758375" level="INFO" html="true">&lt;/td&gt;&lt;/tr&gt;&lt;tr&gt;&lt;td colspan="3"&gt;&lt;a href="../robot/result/screenshot/TC-09%20Verify%20OTP/Super_Admin_Dashboard.png"&gt;&lt;img src="../robot/result/screenshot/TC-09%20Verify%20OTP/Super_Admin_Dashboard.png" width="800px"&gt;&lt;/a&gt;</msg>
<arg>${folder_path}/${step_name}.png</arg>
<doc>Takes a screenshot of the current page and embeds it into a log file.</doc>
<status status="PASS" start="2025-04-21T21:12:57.681227" elapsed="0.077403"/>
</kw>
<kw name="Log" owner="BuiltIn">
<msg time="2025-04-21T21:12:57.760482" level="INFO">จับภาพหน้าจอ Super_Admin_Dashboard สำหรับ TC-09 Verify OTP เรียบร้อย</msg>
<arg>จับภาพหน้าจอ ${step_name} สำหรับ ${TEST NAME} เรียบร้อย</arg>
<arg>console=True</arg>
<doc>Logs the given message with the given level.</doc>
<status status="PASS" start="2025-04-21T21:12:57.759752" elapsed="0.000969"/>
</kw>
<arg>${step_name}</arg>
<arg>${wait_time}</arg>
<status status="PASS" start="2025-04-21T21:12:56.674745" elapsed="1.086175"/>
</kw>
<arg>Super_Admin_Dashboard</arg>
<status status="PASS" start="2025-04-21T21:12:56.674301" elapsed="1.086720"/>
</kw>
<doc>ทดสอบการใส่ OTP เพื่อเข้าสู่ระบบ</doc>
<status status="PASS" start="2025-04-21T21:12:47.001496" elapsed="10.760192"/>
</test>
<kw name="Close All Browsers" owner="SeleniumLibrary" type="TEARDOWN">
<doc>Closes all open browsers and resets the browser cache.</doc>
<status status="PASS" start="2025-04-21T21:12:57.763311" elapsed="0.100194"/>
</kw>
<doc>Robot Framework test suite for Trainify application</doc>
<status status="PASS" start="2025-04-21T21:12:44.253245" elapsed="13.610447"/>
</suite>
<status status="PASS" start="2025-04-21T21:12:44.252516" elapsed="13.612641"/>
</suite>
<status status="PASS" start="2025-04-21T21:12:44.251624" elapsed="13.614143"/>
</suite>
<status status="PASS" start="2025-04-21T21:12:44.239806" elapsed="13.626633"/>
</suite>
<statistics>
<total>
<stat pass="1" fail="0" skip="0">All Tests</stat>
</total>
<tag>
</tag>
<suite>
<stat name="Trainify-V.2" id="s1" pass="1" fail="0" skip="0">Trainify-V.2</stat>
<stat name="Robot" id="s1-s1" pass="1" fail="0" skip="0">Trainify-V.2.Robot</stat>
<stat name="Script" id="s1-s1-s1" pass="1" fail="0" skip="0">Trainify-V.2.Robot.Script</stat>
<stat name="Trainify Test" id="s1-s1-s1-s1" pass="1" fail="0" skip="0">Trainify-V.2.Robot.Script.Trainify Test</stat>
</suite>
</statistics>
<errors>
<msg time="2025-04-21T21:12:44.260285" level="WARN">Error in file '/Users/tk/Desktop/Trainify-V.2/robot/utils/keywords.robot' on line 150: The '[Return]' setting is deprecated. Use the 'RETURN' statement instead.</msg>
<msg time="2025-04-21T21:12:44.261402" level="WARN">Error in file '/Users/tk/Desktop/Trainify-V.2/robot/utils/keywords.robot' on line 187: The '[Return]' setting is deprecated. Use the 'RETURN' statement instead.</msg>
<msg time="2025-04-21T21:12:44.262113" level="WARN">Error in file '/Users/tk/Desktop/Trainify-V.2/robot/utils/keywords.robot' on line 253: The '[Return]' setting is deprecated. Use the 'RETURN' statement instead.</msg>
</errors>
</robot>
